<?xml version="1.0" encoding="UTF-8"?>
<!-- Generated by org.testng.reporters.JUnitReportReporter -->
<testsuite hostname="LAPTOP-DSQ6HK8O" failures="0" tests="1" name="com.Ecommerece.TestClass.TC_RegisterTestCase" time="11.769" errors="0" timestamp="2023-01-23T13:30:46 IST" skipped="0">
  <testcase classname="com.Ecommerece.TestClass.TC_RegisterTestCase" name="newRegeStration" time="11.769"/>
  <system-out/>
</testsuite> <!-- com.Ecommerece.TestClass.TC_RegisterTestCase -->
