<?xml version="1.0" encoding="UTF-8"?>
<!-- Generated by org.testng.reporters.JUnitReportReporter -->
<testsuite hostname="LAPTOP-DSQ6HK8O" failures="0" tests="4" name="com.Ecommerece.TestClass.TC_LoginDataTestcase_Ecommerece" time="74.877" errors="0" timestamp="2023-01-23T19:50:54 IST" skipped="0">
  <testcase classname="com.Ecommerece.TestClass.TC_LoginDataTestcase_Ecommerece" name="LoginData" time="16.000"/>
  <system-out/>
  <testcase classname="com.Ecommerece.TestClass.TC_LoginDataTestcase_Ecommerece" name="LoginData" time="25.530"/>
  <system-out/>
  <testcase classname="com.Ecommerece.TestClass.TC_LoginDataTestcase_Ecommerece" name="LoginData" time="18.441"/>
  <system-out/>
  <testcase classname="com.Ecommerece.TestClass.TC_LoginDataTestcase_Ecommerece" name="LoginData" time="14.906"/>
  <system-out/>
</testsuite> <!-- com.Ecommerece.TestClass.TC_LoginDataTestcase_Ecommerece -->
